0 info it worked if it ends with ok
1 verbose cli [ '/usr/local/bin/node',
1 verbose cli   '/usr/local/bin/npm',
1 verbose cli   'publish',
1 verbose cli   '--registry',
1 verbose cli   'https://registry.npmjs.org/' ]
2 info using npm@3.3.6
3 info using node@v5.0.0
4 verbose publish [ '.' ]
5 silly cache add args [ '.', null ]
6 verbose cache add spec .
7 silly cache add parsed spec Result {
7 silly cache add   raw: '.',
7 silly cache add   scope: null,
7 silly cache add   name: null,
7 silly cache add   rawSpec: '.',
7 silly cache add   spec: '/Users/flrl/Sites/fiddle/www/gulp-bare',
7 silly cache add   type: 'directory' }
8 verbose addLocalDirectory /Users/flrl/.npm/gulp-bare/1.2.0/package.tgz not in flight; packing
9 info lifecycle gulp-bare@1.2.0~prepublish: gulp-bare@1.2.0
10 silly lifecycle gulp-bare@1.2.0~prepublish: no script for prepublish, continuing
11 verbose tar pack [ '/Users/flrl/.npm/gulp-bare/1.2.0/package.tgz',
11 verbose tar pack   '/Users/flrl/Sites/fiddle/www/gulp-bare' ]
12 verbose tarball /Users/flrl/.npm/gulp-bare/1.2.0/package.tgz
13 verbose folder /Users/flrl/Sites/fiddle/www/gulp-bare
14 verbose addLocalTarball adding from inside cache /Users/flrl/.npm/gulp-bare/1.2.0/package.tgz
15 silly cache afterAdd gulp-bare@1.2.0
16 verbose afterAdd /Users/flrl/.npm/gulp-bare/1.2.0/package/package.json not in flight; writing
17 verbose afterAdd /Users/flrl/.npm/gulp-bare/1.2.0/package/package.json written
18 silly publish { name: 'gulp-bare',
18 silly publish   version: '1.2.0',
18 silly publish   description: 'simple gulp scaffolding tool',
18 silly publish   repository:
18 silly publish    { type: 'git',
18 silly publish      url: 'git+https://github.com/Loilo/gulp-bare.git' },
18 silly publish   dependencies: { colors: '^1.1.2', glob: '^6.0.3' },
18 silly publish   author:
18 silly publish    { name: 'Florian Reuschel',
18 silly publish      email: 'florian@loilo.de',
18 silly publish      url: 'http://loilo.de' },
18 silly publish   license: 'MIT',
18 silly publish   bin: { 'gulp-bare': 'index.js' },
18 silly publish   readme: '# gulp-bare\n`gulp-bare` is asSimple scaffolding tool for small gulp projects.\nIt\'s capable of setting up a JavaScript, CSS and HTML precompiler for you through a Yeoman-like command line Q&A session.\n\nIt\'s probably not suited to build real apps but I use it regularly for fiddling around with code or for writing small JS libraries.\n\nJust install -- I do recommend to install globally -- with `npm i -g gulp-bare` and run `gulp-bare` from the commandline in the directory you want to set your app up.\n\nThat\'s pretty mutch it.\n\n## What are the capabilities?\n\nYou will be asked for several things to set up in the following order. Each of them is optional:\n\n### Styles\nYou need a CSS precompiler? Go for it. It also includes `autoprefixer` in case you want to use it.\n\n### Scripts\nSame goes for JavaScript. Will also offer to use `browserify`.\n\n### Views\nIn case you also want to use a view compiler like Jade or HAML.\n\n### Assets\nThis isn\'t exactly a precompiler. It\'s just a copy-and-paste tool to bring everything from source to dist path that hasn\'t been done by the above compilers.\n\nWith that in mind, my usual mini project structure looks like this:\n```\nmy-app\n/src\n  /js\n  /css\n  index.html\n/dst\n  everything here is generated by gulp-bare\n```\n\n## Change project settings\nIf you want to change your style / script / view / asset settings you can just run `gulp-bare` again. It will prefill your answers with your last choices.\nThough it\'s probably faster to just edit the `config.json` that has been created in your app\'s root directory.\n\n## Why no Yeoman?\nI didn\'t make this a Yeoman generator as for almost everything one doesn\'t use a framework for -- it was intended to be way smaller than it came out and I didn\'t feeld to be in need of one.',
18 silly publish   readmeFilename: 'README.md',
18 silly publish   gitHead: 'b842ebfd335b254ec3da871b8d19ff9215688074',
18 silly publish   bugs: { url: 'https://github.com/Loilo/gulp-bare/issues' },
18 silly publish   homepage: 'https://github.com/Loilo/gulp-bare#readme',
18 silly publish   _id: 'gulp-bare@1.2.0',
18 silly publish   scripts: {},
18 silly publish   _shasum: 'bdfe31bf9e8e1fce53be64af7f535c8702912ea8',
18 silly publish   _from: '.' }
19 verbose getPublishConfig undefined
20 silly mapToRegistry name gulp-bare
21 silly mapToRegistry using default registry
22 silly mapToRegistry registry https://registry.npmjs.org/
23 silly mapToRegistry uri https://registry.npmjs.org/gulp-bare
24 verbose publish registryBase https://registry.npmjs.org/
25 silly publish uploading /Users/flrl/.npm/gulp-bare/1.2.0/package.tgz
26 verbose request uri https://registry.npmjs.org/gulp-bare
27 verbose request sending authorization for write operation
28 info attempt registry request try #1 at 17:52:40
29 verbose request using bearer token for auth
30 verbose request id 52934222994e1c5c
31 http request PUT https://registry.npmjs.org/gulp-bare
32 http 403 https://registry.npmjs.org/gulp-bare
33 verbose headers { 'content-type': 'application/json',
33 verbose headers   'cache-control': 'max-age=300',
33 verbose headers   'content-length': '95',
33 verbose headers   'accept-ranges': 'bytes',
33 verbose headers   date: 'Fri, 22 Jan 2016 16:52:41 GMT',
33 verbose headers   via: '1.1 varnish',
33 verbose headers   connection: 'keep-alive',
33 verbose headers   'x-served-by': 'cache-ams4133-AMS',
33 verbose headers   'x-cache': 'MISS',
33 verbose headers   'x-cache-hits': '0',
33 verbose headers   'x-timer': 'S1453481560.686487,VS0,VE1241' }
34 verbose request invalidating /Users/flrl/.npm/registry.npmjs.org/gulp-bare on PUT
35 error publish Failed PUT 403
36 verbose stack Error: "You cannot publish over the previously published version 1.2.0." : gulp-bare
36 verbose stack     at makeError (/usr/local/lib/node_modules/npm/node_modules/npm-registry-client/lib/request.js:264:12)
36 verbose stack     at CachingRegistryClient.<anonymous> (/usr/local/lib/node_modules/npm/node_modules/npm-registry-client/lib/request.js:252:14)
36 verbose stack     at Request._callback (/usr/local/lib/node_modules/npm/node_modules/npm-registry-client/lib/request.js:172:14)
36 verbose stack     at Request.self.callback (/usr/local/lib/node_modules/npm/node_modules/request/request.js:198:22)
36 verbose stack     at emitTwo (events.js:87:13)
36 verbose stack     at Request.emit (events.js:172:7)
36 verbose stack     at Request.<anonymous> (/usr/local/lib/node_modules/npm/node_modules/request/request.js:1063:14)
36 verbose stack     at emitOne (events.js:82:20)
36 verbose stack     at Request.emit (events.js:169:7)
36 verbose stack     at IncomingMessage.<anonymous> (/usr/local/lib/node_modules/npm/node_modules/request/request.js:1009:12)
37 verbose statusCode 403
38 verbose pkgid gulp-bare
39 verbose cwd /Users/flrl/Sites/fiddle/www/gulp-bare
40 error Darwin 15.0.0
41 error argv "/usr/local/bin/node" "/usr/local/bin/npm" "publish" "--registry" "https://registry.npmjs.org/"
42 error node v5.0.0
43 error npm  v3.3.6
44 error code E403
45 error "You cannot publish over the previously published version 1.2.0." : gulp-bare
46 error If you need help, you may report this error at:
46 error     <https://github.com/npm/npm/issues>
47 verbose exit [ 1, true ]
